#
# There is insufficient memory for the Java Runtime Environment to continue.
# Native memory allocation (malloc) failed to allocate 464896 bytes for Chunk::new
# Possible reasons:
#   The system is out of physical RAM or swap space
#   The process is running with CompressedOops enabled, and the Java Heap may be blocking the growth of the native heap
# Possible solutions:
#   Reduce memory load on the system
#   Increase physical memory or swap space
#   Check if swap backing store is full
#   Decrease Java heap size (-Xmx/-Xms)
#   Decrease number of Java threads
#   Decrease Java thread stack sizes (-Xss)
#   Set larger code cache with -XX:ReservedCodeCacheSize=
#   JVM is running with Unscaled Compressed Oops mode in which the Java heap is
#     placed in the first 4GB address space. The Java Heap base address is the
#     maximum limit for the native heap growth. Please use -XX:HeapBaseMinAddress
#     to set the Java Heap base and to place the Java Heap above 4GB virtual address.
# This output file may be truncated or incomplete.
#
#  Out of Memory Error (./src/hotspot/share/memory/arena.cpp:197), pid=15724, tid=16036
#
# JRE version: OpenJDK Runtime Environment (11.0.11+9) (build 11.0.11+9-b60-7590822)
# Java VM: OpenJDK 64-Bit Server VM (11.0.11+9-b60-7590822, mixed mode, tiered, compressed oops, g1 gc, windows-amd64)
# No core dump will be written. Minidumps are not enabled by default on client versions of Windows
#

---------------  S U M M A R Y ------------

Command Line: --add-opens=java.base/java.util=ALL-UNNAMED --add-opens=java.base/java.lang=ALL-UNNAMED --add-opens=java.base/java.lang.invoke=ALL-UNNAMED --add-opens=java.base/java.util=ALL-UNNAMED --add-opens=java.prefs/java.util.prefs=ALL-UNNAMED --add-opens=java.prefs/java.util.prefs=ALL-UNNAMED --add-opens=java.base/java.nio.charset=ALL-UNNAMED --add-opens=java.base/java.net=ALL-UNNAMED --add-opens=java.base/java.util.concurrent.atomic=ALL-UNNAMED -Xmx2048m -Dfile.encoding=UTF-8 -Duser.country=US -Duser.language=en -Duser.variant org.gradle.launcher.daemon.bootstrap.GradleDaemon 7.2

Host: Intel(R) Core(TM) i5-10210U CPU @ 1.60GHz, 8 cores, 7G,  Windows 10 , 64 bit Build 19041 (10.0.19041.1566)
Time: Fri May 13 12:55:48 2022 Sri Lanka Standard Time elapsed time: 43.320440 seconds (0d 0h 0m 43s)

---------------  T H R E A D  ---------------

Current thread (0x00000274f3aff000):  JavaThread "C2 CompilerThread0" daemon [_thread_in_native, id=16036, stack(0x0000007480700000,0x0000007480800000)]


Current CompileTask:
C2:  43320 5431       4       java.util.regex.Pattern::compile (498 bytes)

Stack: [0x0000007480700000,0x0000007480800000]
Native frames: (J=compiled Java code, j=interpreted, Vv=VM code, C=native code)
V  [jvm.dll+0x5f214a]
V  [jvm.dll+0x726fb5]
V  [jvm.dll+0x7285cd]
V  [jvm.dll+0x728c83]
V  [jvm.dll+0x243278]
V  [jvm.dll+0xbc53c]
V  [jvm.dll+0xbca3c]
V  [jvm.dll+0x2b5c34]
V  [jvm.dll+0x508488]
V  [jvm.dll+0x1fd92d]
V  [jvm.dll+0x1fb35f]
V  [jvm.dll+0x183d6c]
V  [jvm.dll+0x209a57]
V  [jvm.dll+0x2082a1]
V  [jvm.dll+0x6ef58f]
V  [jvm.dll+0x6e80b5]
V  [jvm.dll+0x5f1036]
C  [ucrtbase.dll+0x21bb2]
C  [KERNEL32.DLL+0x17034]
C  [ntdll.dll+0x52651]


---------------  P R O C E S S  ---------------

Threads class SMR info:
_java_thread_list=0x00000274f9c0bbc0, length=121, elements={
0x00000274d8ceb800, 0x00000274f3175000, 0x00000274f317e800, 0x00000274f3af5800,
0x00000274f3af8000, 0x00000274f3afa000, 0x00000274f3aff000, 0x00000274f3b00000,
0x00000274f319b800, 0x00000274f3c73000, 0x00000274f3c74800, 0x00000274f3c70800,
0x00000274f3c73800, 0x00000274f3c71800, 0x00000274f3c72000, 0x00000274f3c77000,
0x00000274f3c75800, 0x00000274f3c76000, 0x00000274f4aca800, 0x00000274f4acb800,
0x00000274f4ac6000, 0x00000274f4ac6800, 0x00000274f4acc800, 0x00000274f4acd000,
0x00000274f4ac7800, 0x00000274f4ace000, 0x00000274f4ac8800, 0x00000274f4acf000,
0x00000274f4ac9000, 0x00000274f4acf800, 0x00000274f4ad4800, 0x00000274f4ad0800,
0x00000274f4ad2000, 0x00000274f4ad3800, 0x00000274f7094800, 0x00000274f7095800,
0x00000274f7098000, 0x00000274f7098800, 0x00000274f7093800, 0x00000274f7096000,
0x00000274f7093000, 0x00000274f7099800, 0x00000274f709a000, 0x00000274f709b000,
0x00000274f7097000, 0x00000274f709c800, 0x00000274f709c000, 0x00000274f70a0000,
0x00000274f709d800, 0x00000274f709e800, 0x00000274f709f000, 0x00000274f70a0800,
0x00000274f70a1800, 0x00000274f71ee000, 0x00000274f71f1800, 0x00000274f71ed800,
0x00000274f71ef000, 0x00000274f71f0800, 0x00000274f71ec800, 0x00000274f71f0000,
0x00000274f71eb800, 0x00000274f71f7000, 0x00000274f71f8000, 0x00000274f71f4000,
0x00000274f71f6800, 0x00000274f71f2000, 0x00000274f71f8800, 0x00000274f71f3000,
0x00000274f71f9800, 0x00000274f71fa800, 0x00000274f71f4800, 0x00000274f71f5800,
0x00000274f3c89800, 0x00000274f3c8f000, 0x00000274f3c8e800, 0x00000274f3c90000,
0x00000274f3c8c000, 0x00000274f3c8a000, 0x00000274f3c91000, 0x00000274f3c8d800,
0x00000274f3c8b000, 0x00000274f3c91800, 0x00000274f3c92800, 0x00000274f3c8c800,
0x00000274f3c93000, 0x00000274f3c98000, 0x00000274f3c97800, 0x00000274f3c94000,
0x00000274f3c95000, 0x00000274f3c96800, 0x00000274f3c95800, 0x00000274f774f000,
0x00000274f774d000, 0x00000274f7749800, 0x00000274f774d800, 0x00000274f774a800,
0x00000274f774e800, 0x00000274f7750000, 0x00000274f7751000, 0x00000274f774c000,
0x00000274f774b000, 0x00000274f7751800, 0x00000274f7756000, 0x00000274f7756800,
0x00000274f7757800, 0x00000274f7754000, 0x00000274f7755000, 0x00000274f7753800,
0x00000274f7758000, 0x00000274f7752800, 0x00000274f9df4000, 0x00000274f9df6800,
0x00000274f9df9000, 0x00000274f9dfa800, 0x00000274f9df9800, 0x00000274f9df5000,
0x00000274f9dfb800, 0x00000274f9df5800, 0x00000274f9dfc000, 0x00000274f9dfd000,
0x00000274f9df7000
}

Java Threads: ( => current thread )
  0x00000274d8ceb800 JavaThread "main" [_thread_blocked, id=12624, stack(0x00000074ffb00000,0x00000074ffc00000)]
  0x00000274f3175000 JavaThread "Reference Handler" daemon [_thread_blocked, id=11484, stack(0x0000007480200000,0x0000007480300000)]
  0x00000274f317e800 JavaThread "Finalizer" daemon [_thread_blocked, id=11000, stack(0x0000007480300000,0x0000007480400000)]
  0x00000274f3af5800 JavaThread "Signal Dispatcher" daemon [_thread_blocked, id=7884, stack(0x0000007480400000,0x0000007480500000)]
  0x00000274f3af8000 JavaThread "Attach Listener" daemon [_thread_blocked, id=13236, stack(0x0000007480500000,0x0000007480600000)]
  0x00000274f3afa000 JavaThread "Service Thread" daemon [_thread_blocked, id=14024, stack(0x0000007480600000,0x0000007480700000)]
=>0x00000274f3aff000 JavaThread "C2 CompilerThread0" daemon [_thread_in_native, id=16036, stack(0x0000007480700000,0x0000007480800000)]
  0x00000274f3b00000 JavaThread "C1 CompilerThread0" daemon [_thread_blocked, id=5476, stack(0x0000007480800000,0x0000007480900000)]
  0x00000274f319b800 JavaThread "Sweeper thread" daemon [_thread_blocked, id=13644, stack(0x0000007480900000,0x0000007480a00000)]
  0x00000274f3c73000 JavaThread "Common-Cleaner" daemon [_thread_blocked, id=2748, stack(0x0000007480a00000,0x0000007480b00000)]
  0x00000274f3c74800 JavaThread "Daemon health stats" [_thread_blocked, id=1504, stack(0x0000007480c00000,0x0000007480d00000)]
  0x00000274f3c70800 JavaThread "Incoming local TCP Connector on port 58279" [_thread_in_native, id=5016, stack(0x0000007480f00000,0x0000007481000000)]
  0x00000274f3c73800 JavaThread "Daemon periodic checks" [_thread_blocked, id=12792, stack(0x0000007481000000,0x0000007481100000)]
  0x00000274f3c71800 JavaThread "Daemon" [_thread_blocked, id=2752, stack(0x0000007481100000,0x0000007481200000)]
  0x00000274f3c72000 JavaThread "Handler for socket connection from /127.0.0.1:58279 to /127.0.0.1:58280" [_thread_in_native, id=8464, stack(0x0000007481200000,0x0000007481300000)]
  0x00000274f3c77000 JavaThread "Cancel handler" [_thread_blocked, id=12704, stack(0x0000007481300000,0x0000007481400000)]
  0x00000274f3c75800 JavaThread "Daemon worker" [_thread_blocked, id=4300, stack(0x0000007481400000,0x0000007481500000)]
  0x00000274f3c76000 JavaThread "Asynchronous log dispatcher for DefaultDaemonConnection: socket connection from /127.0.0.1:58279 to /127.0.0.1:58280" [_thread_blocked, id=10164, stack(0x0000007481600000,0x0000007481700000)]
  0x00000274f4aca800 JavaThread "Stdin handler" [_thread_blocked, id=11428, stack(0x0000007481700000,0x0000007481800000)]
  0x00000274f4acb800 JavaThread "Daemon client event forwarder" [_thread_blocked, id=12672, stack(0x0000007481500000,0x0000007481600000)]
  0x00000274f4ac6000 JavaThread "Cache worker for journal cache (C:\Users\HP\.gradle\caches\journal-1)" [_thread_blocked, id=1152, stack(0x0000007481d00000,0x0000007481e00000)]
  0x00000274f4ac6800 JavaThread "File lock request listener" [_thread_in_native, id=11196, stack(0x0000007481e00000,0x0000007481f00000)]
  0x00000274f4acc800 JavaThread "Cache worker for file hash cache (C:\Users\HP\.gradle\caches\7.2\fileHashes)" [_thread_blocked, id=11156, stack(0x0000007481f00000,0x0000007482000000)]
  0x00000274f4acd000 JavaThread "Cache worker for file hash cache (C:\Users\HP\StudioProjects\MyApplication\.gradle\7.2\fileHashes)" [_thread_blocked, id=3980, stack(0x0000007482100000,0x0000007482200000)]
  0x00000274f4ac7800 JavaThread "File watcher server" daemon [_thread_in_native, id=12752, stack(0x0000007482200000,0x0000007482300000)]
  0x00000274f4ace000 JavaThread "File watcher consumer" daemon [_thread_blocked, id=14276, stack(0x0000007482300000,0x0000007482400000)]
  0x00000274f4ac8800 JavaThread "Cache worker for checksums cache (C:\Users\HP\StudioProjects\MyApplication\.gradle\checksums)" [_thread_blocked, id=2780, stack(0x0000007482400000,0x0000007482500000)]
  0x00000274f4acf000 JavaThread "Cache worker for cache directory md-supplier (C:\Users\HP\.gradle\caches\7.2\md-supplier)" [_thread_blocked, id=7784, stack(0x0000007482500000,0x0000007482600000)]
  0x00000274f4ac9000 JavaThread "Cache worker for cache directory md-rule (C:\Users\HP\.gradle\caches\7.2\md-rule)" [_thread_blocked, id=12320, stack(0x0000007482600000,0x0000007482700000)]
  0x00000274f4acf800 JavaThread "Cache worker for execution history cache (C:\Users\HP\.gradle\caches\7.2\executionHistory)" [_thread_blocked, id=6620, stack(0x0000007482800000,0x0000007482900000)]
  0x00000274f4ad4800 JavaThread "jar transforms" [_thread_blocked, id=11408, stack(0x0000007482a00000,0x0000007482b00000)]
  0x00000274f4ad0800 JavaThread "Cache worker for file content cache (C:\Users\HP\.gradle\caches\7.2\fileContent)" [_thread_blocked, id=3768, stack(0x0000007482b00000,0x0000007482c00000)]
  0x00000274f4ad2000 JavaThread "jar transforms Thread 2" [_thread_blocked, id=3648, stack(0x0000007482c00000,0x0000007482d00000)]
  0x00000274f4ad3800 JavaThread "Cache worker for dependencies-accessors (C:\Users\HP\StudioProjects\MyApplication\.gradle\7.2\dependencies-accessors)" [_thread_blocked, id=2216, stack(0x0000007482d00000,0x0000007482e00000)]
  0x00000274f7094800 JavaThread "jar transforms Thread 3" [_thread_blocked, id=8900, stack(0x0000007482700000,0x0000007482800000)]
  0x00000274f7095800 JavaThread "Cache worker for Build Output Cleanup Cache (C:\Users\HP\StudioProjects\MyApplication\.gradle\buildOutputCleanup)" [_thread_blocked, id=15232, stack(0x0000007482900000,0x0000007482a00000)]
  0x00000274f7098000 JavaThread "Unconstrained build operations" [_thread_blocked, id=13124, stack(0x0000007482e00000,0x0000007482f00000)]
  0x00000274f7098800 JavaThread "Unconstrained build operations Thread 2" [_thread_blocked, id=1676, stack(0x0000007482f00000,0x0000007483000000)]
  0x00000274f7093800 JavaThread "Unconstrained build operations Thread 3" [_thread_blocked, id=9120, stack(0x0000007483000000,0x0000007483100000)]
  0x00000274f7096000 JavaThread "Unconstrained build operations Thread 4" [_thread_blocked, id=13172, stack(0x0000007483100000,0x0000007483200000)]
  0x00000274f7093000 JavaThread "Unconstrained build operations Thread 5" [_thread_blocked, id=14056, stack(0x0000007483200000,0x0000007483300000)]
  0x00000274f7099800 JavaThread "Unconstrained build operations Thread 6" [_thread_blocked, id=7448, stack(0x0000007483300000,0x0000007483400000)]
  0x00000274f709a000 JavaThread "Unconstrained build operations Thread 7" [_thread_blocked, id=15608, stack(0x0000007483400000,0x0000007483500000)]
  0x00000274f709b000 JavaThread "Unconstrained build operations Thread 8" [_thread_blocked, id=6068, stack(0x0000007483500000,0x0000007483600000)]
  0x00000274f7097000 JavaThread "Unconstrained build operations Thread 9" [_thread_blocked, id=4212, stack(0x0000007483600000,0x0000007483700000)]
  0x00000274f709c800 JavaThread "Unconstrained build operations Thread 10" [_thread_blocked, id=1048, stack(0x0000007483700000,0x0000007483800000)]
  0x00000274f709c000 JavaThread "Unconstrained build operations Thread 11" [_thread_blocked, id=14644, stack(0x0000007483800000,0x0000007483900000)]
  0x00000274f70a0000 JavaThread "Unconstrained build operations Thread 12" [_thread_blocked, id=9136, stack(0x0000007483900000,0x0000007483a00000)]
  0x00000274f709d800 JavaThread "Unconstrained build operations Thread 13" [_thread_blocked, id=11628, stack(0x0000007483a00000,0x0000007483b00000)]
  0x00000274f709e800 JavaThread "Unconstrained build operations Thread 14" [_thread_blocked, id=9852, stack(0x0000007483b00000,0x0000007483c00000)]
  0x00000274f709f000 JavaThread "Unconstrained build operations Thread 15" [_thread_blocked, id=14856, stack(0x0000007483c00000,0x0000007483d00000)]
  0x00000274f70a0800 JavaThread "Unconstrained build operations Thread 16" [_thread_blocked, id=11268, stack(0x0000007483d00000,0x0000007483e00000)]
  0x00000274f70a1800 JavaThread "Unconstrained build operations Thread 17" [_thread_blocked, id=5508, stack(0x0000007483e00000,0x0000007483f00000)]
  0x00000274f71ee000 JavaThread "Unconstrained build operations Thread 18" [_thread_blocked, id=7464, stack(0x0000007483f00000,0x0000007484000000)]
  0x00000274f71f1800 JavaThread "Unconstrained build operations Thread 19" [_thread_blocked, id=5752, stack(0x0000007484000000,0x0000007484100000)]
  0x00000274f71ed800 JavaThread "Unconstrained build operations Thread 20" [_thread_blocked, id=15144, stack(0x0000007484100000,0x0000007484200000)]
  0x00000274f71ef000 JavaThread "Unconstrained build operations Thread 21" [_thread_blocked, id=13536, stack(0x0000007484200000,0x0000007484300000)]
  0x00000274f71f0800 JavaThread "Unconstrained build operations Thread 22" [_thread_blocked, id=9004, stack(0x0000007484300000,0x0000007484400000)]
  0x00000274f71ec800 JavaThread "Unconstrained build operations Thread 23" [_thread_blocked, id=8088, stack(0x0000007484400000,0x0000007484500000)]
  0x00000274f71f0000 JavaThread "Unconstrained build operations Thread 24" [_thread_blocked, id=12600, stack(0x0000007484500000,0x0000007484600000)]
  0x00000274f71eb800 JavaThread "Unconstrained build operations Thread 25" [_thread_blocked, id=14680, stack(0x0000007484600000,0x0000007484700000)]
  0x00000274f71f7000 JavaThread "Unconstrained build operations Thread 26" [_thread_blocked, id=14004, stack(0x0000007484700000,0x0000007484800000)]
  0x00000274f71f8000 JavaThread "Unconstrained build operations Thread 27" [_thread_blocked, id=15064, stack(0x0000007484800000,0x0000007484900000)]
  0x00000274f71f4000 JavaThread "Unconstrained build operations Thread 28" [_thread_blocked, id=2584, stack(0x0000007484900000,0x0000007484a00000)]
  0x00000274f71f6800 JavaThread "Unconstrained build operations Thread 29" [_thread_blocked, id=7820, stack(0x0000007484a00000,0x0000007484b00000)]
  0x00000274f71f2000 JavaThread "Unconstrained build operations Thread 30" [_thread_blocked, id=132, stack(0x0000007484b00000,0x0000007484c00000)]
  0x00000274f71f8800 JavaThread "Unconstrained build operations Thread 31" [_thread_blocked, id=7396, stack(0x0000007484c00000,0x0000007484d00000)]
  0x00000274f71f3000 JavaThread "Unconstrained build operations Thread 32" [_thread_blocked, id=5912, stack(0x0000007484d00000,0x0000007484e00000)]
  0x00000274f71f9800 JavaThread "Unconstrained build operations Thread 33" [_thread_blocked, id=9588, stack(0x0000007484e00000,0x0000007484f00000)]
  0x00000274f71fa800 JavaThread "Unconstrained build operations Thread 34" [_thread_blocked, id=9624, stack(0x0000007484f00000,0x0000007485000000)]
  0x00000274f71f4800 JavaThread "Unconstrained build operations Thread 35" [_thread_blocked, id=9076, stack(0x0000007485000000,0x0000007485100000)]
  0x00000274f71f5800 JavaThread "Unconstrained build operations Thread 36" [_thread_blocked, id=10424, stack(0x0000007485100000,0x0000007485200000)]
  0x00000274f3c89800 JavaThread "Unconstrained build operations Thread 37" [_thread_blocked, id=13196, stack(0x0000007485200000,0x0000007485300000)]
  0x00000274f3c8f000 JavaThread "Unconstrained build operations Thread 38" [_thread_blocked, id=15024, stack(0x0000007485300000,0x0000007485400000)]
  0x00000274f3c8e800 JavaThread "Unconstrained build operations Thread 39" [_thread_blocked, id=16056, stack(0x0000007485400000,0x0000007485500000)]
  0x00000274f3c90000 JavaThread "Unconstrained build operations Thread 40" [_thread_blocked, id=10552, stack(0x0000007485500000,0x0000007485600000)]
  0x00000274f3c8c000 JavaThread "Unconstrained build operations Thread 41" [_thread_blocked, id=11044, stack(0x0000007485600000,0x0000007485700000)]
  0x00000274f3c8a000 JavaThread "Unconstrained build operations Thread 42" [_thread_blocked, id=10184, stack(0x0000007485700000,0x0000007485800000)]
  0x00000274f3c91000 JavaThread "Unconstrained build operations Thread 43" [_thread_blocked, id=6712, stack(0x0000007485800000,0x0000007485900000)]
  0x00000274f3c8d800 JavaThread "Unconstrained build operations Thread 44" [_thread_blocked, id=9972, stack(0x0000007485900000,0x0000007485a00000)]
  0x00000274f3c8b000 JavaThread "Unconstrained build operations Thread 45" [_thread_blocked, id=2484, stack(0x0000007485a00000,0x0000007485b00000)]
  0x00000274f3c91800 JavaThread "Unconstrained build operations Thread 46" [_thread_blocked, id=11308, stack(0x0000007485b00000,0x0000007485c00000)]
  0x00000274f3c92800 JavaThread "Unconstrained build operations Thread 47" [_thread_blocked, id=1072, stack(0x0000007485c00000,0x0000007485d00000)]
  0x00000274f3c8c800 JavaThread "Unconstrained build operations Thread 48" [_thread_blocked, id=12212, stack(0x0000007485d00000,0x0000007485e00000)]
  0x00000274f3c93000 JavaThread "Unconstrained build operations Thread 49" [_thread_blocked, id=15264, stack(0x0000007485e00000,0x0000007485f00000)]
  0x00000274f3c98000 JavaThread "Unconstrained build operations Thread 50" [_thread_blocked, id=12368, stack(0x0000007485f00000,0x0000007486000000)]
  0x00000274f3c97800 JavaThread "Unconstrained build operations Thread 51" [_thread_blocked, id=1240, stack(0x0000007486000000,0x0000007486100000)]
  0x00000274f3c94000 JavaThread "Unconstrained build operations Thread 52" [_thread_blocked, id=5844, stack(0x0000007486100000,0x0000007486200000)]
  0x00000274f3c95000 JavaThread "Unconstrained build operations Thread 53" [_thread_blocked, id=15556, stack(0x0000007486200000,0x0000007486300000)]
  0x00000274f3c96800 JavaThread "Unconstrained build operations Thread 54" [_thread_blocked, id=6916, stack(0x0000007486300000,0x0000007486400000)]
  0x00000274f3c95800 JavaThread "Unconstrained build operations Thread 55" [_thread_blocked, id=12384, stack(0x0000007486400000,0x0000007486500000)]
  0x00000274f774f000 JavaThread "Unconstrained build operations Thread 56" [_thread_blocked, id=4596, stack(0x0000007486500000,0x0000007486600000)]
  0x00000274f774d000 JavaThread "Unconstrained build operations Thread 57" [_thread_blocked, id=2908, stack(0x0000007486600000,0x0000007486700000)]
  0x00000274f7749800 JavaThread "Unconstrained build operations Thread 58" [_thread_blocked, id=3232, stack(0x0000007486700000,0x0000007486800000)]
  0x00000274f774d800 JavaThread "Unconstrained build operations Thread 59" [_thread_blocked, id=3932, stack(0x0000007486800000,0x0000007486900000)]
  0x00000274f774a800 JavaThread "Unconstrained build operations Thread 60" [_thread_blocked, id=2504, stack(0x0000007486900000,0x0000007486a00000)]
  0x00000274f774e800 JavaThread "Unconstrained build operations Thread 61" [_thread_blocked, id=8776, stack(0x0000007486a00000,0x0000007486b00000)]
  0x00000274f7750000 JavaThread "Unconstrained build operations Thread 62" [_thread_blocked, id=10528, stack(0x0000007486b00000,0x0000007486c00000)]
  0x00000274f7751000 JavaThread "Unconstrained build operations Thread 63" [_thread_blocked, id=14532, stack(0x0000007486c00000,0x0000007486d00000)]
  0x00000274f774c000 JavaThread "Unconstrained build operations Thread 64" [_thread_blocked, id=3224, stack(0x0000007486d00000,0x0000007486e00000)]
  0x00000274f774b000 JavaThread "Unconstrained build operations Thread 65" [_thread_blocked, id=7916, stack(0x0000007486e00000,0x0000007486f00000)]
  0x00000274f7751800 JavaThread "Unconstrained build operations Thread 66" [_thread_blocked, id=15432, stack(0x0000007486f00000,0x0000007487000000)]
  0x00000274f7756000 JavaThread "Unconstrained build operations Thread 67" [_thread_blocked, id=7176, stack(0x0000007487000000,0x0000007487100000)]
  0x00000274f7756800 JavaThread "Unconstrained build operations Thread 68" [_thread_blocked, id=452, stack(0x0000007487100000,0x0000007487200000)]
  0x00000274f7757800 JavaThread "Unconstrained build operations Thread 69" [_thread_blocked, id=10756, stack(0x0000007487200000,0x0000007487300000)]
  0x00000274f7754000 JavaThread "Unconstrained build operations Thread 70" [_thread_blocked, id=8484, stack(0x0000007487300000,0x0000007487400000)]
  0x00000274f7755000 JavaThread "Unconstrained build operations Thread 71" [_thread_blocked, id=2656, stack(0x0000007487400000,0x0000007487500000)]
  0x00000274f7753800 JavaThread "Unconstrained build operations Thread 72" [_thread_blocked, id=9656, stack(0x0000007487500000,0x0000007487600000)]
  0x00000274f7758000 JavaThread "Unconstrained build operations Thread 73" [_thread_blocked, id=14264, stack(0x0000007487600000,0x0000007487700000)]
  0x00000274f7752800 JavaThread "Unconstrained build operations Thread 74" [_thread_blocked, id=9300, stack(0x0000007487700000,0x0000007487800000)]
  0x00000274f9df4000 JavaThread "Unconstrained build operations Thread 75" [_thread_blocked, id=7280, stack(0x0000007487800000,0x0000007487900000)]
  0x00000274f9df6800 JavaThread "Unconstrained build operations Thread 76" [_thread_blocked, id=9556, stack(0x0000007487900000,0x0000007487a00000)]
  0x00000274f9df9000 JavaThread "Unconstrained build operations Thread 77" [_thread_blocked, id=11844, stack(0x0000007487a00000,0x0000007487b00000)]
  0x00000274f9dfa800 JavaThread "Unconstrained build operations Thread 78" [_thread_blocked, id=10956, stack(0x0000007487b00000,0x0000007487c00000)]
  0x00000274f9df9800 JavaThread "Unconstrained build operations Thread 79" [_thread_blocked, id=15184, stack(0x0000007487c00000,0x0000007487d00000)]
  0x00000274f9df5000 JavaThread "Unconstrained build operations Thread 80" [_thread_blocked, id=6656, stack(0x0000007487d00000,0x0000007487e00000)]
  0x00000274f9dfb800 JavaThread "jar transforms Thread 4" [_thread_blocked, id=1172, stack(0x0000007488000000,0x0000007488100000)]
  0x00000274f9df5800 JavaThread "jar transforms Thread 5" [_thread_blocked, id=7660, stack(0x0000007488100000,0x0000007488200000)]
  0x00000274f9dfc000 JavaThread "jar transforms Thread 6" [_thread_blocked, id=16272, stack(0x0000007488200000,0x0000007488300000)]
  0x00000274f9dfd000 JavaThread "jar transforms Thread 7" [_thread_blocked, id=14908, stack(0x0000007488300000,0x0000007488400000)]
  0x00000274f9df7000 JavaThread "jar transforms Thread 8" [_thread_blocked, id=532, stack(0x0000007488400000,0x0000007488500000)]

Other Threads:
  0x00000274f316f000 VMThread "VM Thread" [stack: 0x0000007480100000,0x0000007480200000] [id=8736] _threads_hazard_ptr=0x00000274f9c0bbc0
  0x00000274f3c88800 WatcherThread [stack: 0x0000007480b00000,0x0000007480c00000] [id=3916]
  0x00000274d8d04800 GCTaskThread "GC Thread#0" [stack: 0x00000074ffc00000,0x00000074ffd00000] [id=12312]
  0x00000274f4585000 GCTaskThread "GC Thread#1" [stack: 0x0000007480d00000,0x0000007480e00000] [id=7056]
  0x00000274f4585800 GCTaskThread "GC Thread#2" [stack: 0x0000007480e00000,0x0000007480f00000] [id=13864]
  0x00000274f45a9800 GCTaskThread "GC Thread#3" [stack: 0x0000007481800000,0x0000007481900000] [id=13272]
  0x00000274f5234800 GCTaskThread "GC Thread#4" [stack: 0x0000007481900000,0x0000007481a00000] [id=5716]
  0x00000274f4769800 GCTaskThread "GC Thread#5" [stack: 0x0000007481a00000,0x0000007481b00000] [id=9452]
  0x00000274f54d0000 GCTaskThread "GC Thread#6" [stack: 0x0000007481b00000,0x0000007481c00000] [id=4108]
  0x00000274f45e9000 GCTaskThread "GC Thread#7" [stack: 0x0000007481c00000,0x0000007481d00000] [id=9424]
  0x00000274d8d37800 ConcurrentGCThread "G1 Main Marker" [stack: 0x00000074ffd00000,0x00000074ffe00000] [id=1376]
  0x00000274d8d39000 ConcurrentGCThread "G1 Conc#0" [stack: 0x00000074ffe00000,0x00000074fff00000] [id=2924]
  0x00000274f5264000 ConcurrentGCThread "G1 Conc#1" [stack: 0x0000007482000000,0x0000007482100000] [id=8740]
  0x00000274f2fc0800 ConcurrentGCThread "G1 Refine#0" [stack: 0x00000074fff00000,0x0000007500000000] [id=6500]
  0x00000274f2fc1800 ConcurrentGCThread "G1 Young RemSet Sampling" [stack: 0x0000007480000000,0x0000007480100000] [id=15972]

Threads with active compile tasks:
C2 CompilerThread0  43628 5431       4       java.util.regex.Pattern::compile (498 bytes)

VM state:at safepoint (normal execution)

VM Mutex/Monitor currently owned by a thread:  ([mutex/lock_event])
[0x00000274d8ce8a10] Threads_lock - owner thread: 0x00000274f316f000

Heap address: 0x0000000080000000, size: 2048 MB, Compressed Oops mode: 32-bit
Narrow klass base: 0x0000000000000000, Narrow klass shift: 3
Compressed class space size: 1073741824 Address: 0x0000000100000000

Heap:
 garbage-first heap   total 129024K, used 85785K [0x0000000080000000, 0x0000000100000000)
  region size 1024K, 56 young (57344K), 5 survivors (5120K)
 Metaspace       used 48499K, capacity 49703K, committed 49996K, reserved 1093632K
  class space    used 6190K, capacity 6660K, committed 6732K, reserved 1048576K
Heap Regions: E=young(eden), S=young(survivor), O=old, HS=humongous(starts), HC=humongous(continues), CS=collection set, F=free, A=archive, TAMS=top-at-mark-start (previous, next)
|   0|0x0000000080000000, 0x0000000080100000, 0x0000000080100000|100%| O|  |TAMS 0x0000000080100000, 0x0000000080000000| Untracked 
|   1|0x0000000080100000, 0x0000000080200000, 0x0000000080200000|100%| O|  |TAMS 0x0000000080200000, 0x0000000080100000| Untracked 
|   2|0x0000000080200000, 0x0000000080300000, 0x0000000080300000|100%| O|  |TAMS 0x0000000080300000, 0x0000000080200000| Untracked 
|   3|0x0000000080300000, 0x0000000080400000, 0x0000000080400000|100%|HS|  |TAMS 0x0000000080400000, 0x0000000080300000| Complete 
|   4|0x0000000080400000, 0x0000000080500000, 0x0000000080500000|100%|HC|  |TAMS 0x0000000080500000, 0x0000000080400000| Complete 
|   5|0x0000000080500000, 0x0000000080600000, 0x0000000080600000|100%|HC|  |TAMS 0x0000000080600000, 0x0000000080500000| Complete 
|   6|0x0000000080600000, 0x0000000080700000, 0x0000000080700000|100%| O|  |TAMS 0x0000000080700000, 0x0000000080600000| Untracked 
|   7|0x0000000080700000, 0x0000000080800000, 0x0000000080800000|100%| O|  |TAMS 0x0000000080800000, 0x0000000080700000| Untracked 
|   8|0x0000000080800000, 0x0000000080900000, 0x0000000080900000|100%| O|  |TAMS 0x0000000080900000, 0x0000000080800000| Untracked 
|   9|0x0000000080900000, 0x0000000080a00000, 0x0000000080a00000|100%| O|  |TAMS 0x0000000080a00000, 0x0000000080900000| Untracked 
|  10|0x0000000080a00000, 0x0000000080b00000, 0x0000000080b00000|100%| O|  |TAMS 0x0000000080b00000, 0x0000000080a00000| Untracked 
|  11|0x0000000080b00000, 0x0000000080c00000, 0x0000000080c00000|100%| O|  |TAMS 0x0000000080c00000, 0x0000000080b00000| Untracked 
|  12|0x0000000080c00000, 0x0000000080d00000, 0x0000000080d00000|100%| O|  |TAMS 0x0000000080d00000, 0x0000000080c00000| Untracked 
|  13|0x0000000080d00000, 0x0000000080e00000, 0x0000000080e00000|100%| O|  |TAMS 0x0000000080e00000, 0x0000000080d00000| Untracked 
|  14|0x0000000080e00000, 0x0000000080f00000, 0x0000000080f00000|100%| O|  |TAMS 0x0000000080f00000, 0x0000000080e00000| Untracked 
|  15|0x0000000080f00000, 0x0000000081000000, 0x0000000081000000|100%| O|  |TAMS 0x0000000081000000, 0x0000000080f00000| Untracked 
|  16|0x0000000081000000, 0x0000000081100000, 0x0000000081100000|100%| O|  |TAMS 0x0000000081100000, 0x0000000081000000| Untracked 
|  17|0x0000000081100000, 0x0000000081200000, 0x0000000081200000|100%| O|  |TAMS 0x0000000081200000, 0x0000000081100000| Untracked 
|  18|0x0000000081200000, 0x0000000081300000, 0x0000000081300000|100%| O|  |TAMS 0x000000008124f400, 0x0000000081200000| Untracked 
|  19|0x0000000081300000, 0x0000000081400000, 0x0000000081400000|100%| O|  |TAMS 0x0000000081300000, 0x0000000081300000| Untracked 
|  20|0x0000000081400000, 0x0000000081500000, 0x0000000081500000|100%| O|  |TAMS 0x0000000081400000, 0x0000000081400000| Untracked 
|  21|0x0000000081500000, 0x0000000081600000, 0x0000000081600000|100%| O|  |TAMS 0x0000000081500000, 0x0000000081500000| Untracked 
|  22|0x0000000081600000, 0x0000000081700000, 0x0000000081700000|100%| O|  |TAMS 0x0000000081600000, 0x0000000081600000| Untracked 
|  23|0x0000000081700000, 0x0000000081800000, 0x0000000081800000|100%| O|  |TAMS 0x0000000081700000, 0x0000000081700000| Untracked 
|  24|0x0000000081800000, 0x0000000081900000, 0x0000000081900000|100%| O|  |TAMS 0x0000000081800000, 0x0000000081800000| Untracked 
|  25|0x0000000081900000, 0x00000000819a4400, 0x0000000081a00000| 64%| O|  |TAMS 0x0000000081900000, 0x0000000081900000| Untracked 
|  26|0x0000000081a00000, 0x0000000081b00000, 0x0000000081b00000|100%|HS|  |TAMS 0x0000000081a00000, 0x0000000081a00000| Complete 
|  27|0x0000000081b00000, 0x0000000081c00000, 0x0000000081c00000|100%|HS|  |TAMS 0x0000000081b00000, 0x0000000081b00000| Complete 
|  28|0x0000000081c00000, 0x0000000081d00000, 0x0000000081d00000|100%|HS|  |TAMS 0x0000000081c00000, 0x0000000081c00000| Complete 
|  29|0x0000000081d00000, 0x0000000081e00000, 0x0000000081e00000|100%|HS|  |TAMS 0x0000000081d00000, 0x0000000081d00000| Complete 
|  30|0x0000000081e00000, 0x0000000081f00000, 0x0000000081f00000|100%|HC|  |TAMS 0x0000000081e00000, 0x0000000081e00000| Complete 
|  31|0x0000000081f00000, 0x0000000081f00000, 0x0000000082000000|  0%| F|  |TAMS 0x0000000081f00000, 0x0000000081f00000| Untracked 
|  32|0x0000000082000000, 0x0000000082000000, 0x0000000082100000|  0%| F|  |TAMS 0x0000000082000000, 0x0000000082000000| Untracked 
|  33|0x0000000082100000, 0x0000000082100000, 0x0000000082200000|  0%| F|  |TAMS 0x0000000082100000, 0x0000000082100000| Untracked 
|  34|0x0000000082200000, 0x0000000082200000, 0x0000000082300000|  0%| F|  |TAMS 0x0000000082200000, 0x0000000082200000| Untracked 
|  35|0x0000000082300000, 0x0000000082300000, 0x0000000082400000|  0%| F|  |TAMS 0x0000000082300000, 0x0000000082300000| Untracked 
|  36|0x0000000082400000, 0x0000000082400000, 0x0000000082500000|  0%| F|  |TAMS 0x0000000082400000, 0x0000000082400000| Untracked 
|  37|0x0000000082500000, 0x0000000082500000, 0x0000000082600000|  0%| F|  |TAMS 0x0000000082500000, 0x0000000082500000| Untracked 
|  38|0x0000000082600000, 0x0000000082600000, 0x0000000082700000|  0%| F|  |TAMS 0x0000000082600000, 0x0000000082600000| Untracked 
|  39|0x0000000082700000, 0x0000000082700000, 0x0000000082800000|  0%| F|  |TAMS 0x0000000082700000, 0x0000000082700000| Untracked 
|  40|0x0000000082800000, 0x0000000082800000, 0x0000000082900000|  0%| F|  |TAMS 0x0000000082800000, 0x0000000082800000| Untracked 
|  41|0x0000000082900000, 0x0000000082900000, 0x0000000082a00000|  0%| F|  |TAMS 0x0000000082900000, 0x0000000082900000| Untracked 
|  42|0x0000000082a00000, 0x0000000082a00000, 0x0000000082b00000|  0%| F|  |TAMS 0x0000000082a00000, 0x0000000082a00000| Untracked 
|  43|0x0000000082b00000, 0x0000000082b00000, 0x0000000082c00000|  0%| F|  |TAMS 0x0000000082b00000, 0x0000000082b00000| Untracked 
|  44|0x0000000082c00000, 0x0000000082c00000, 0x0000000082d00000|  0%| F|  |TAMS 0x0000000082c00000, 0x0000000082c00000| Untracked 
|  45|0x0000000082d00000, 0x0000000082d00000, 0x0000000082e00000|  0%| F|  |TAMS 0x0000000082d00000, 0x0000000082d00000| Untracked 
|  46|0x0000000082e00000, 0x0000000082e00000, 0x0000000082f00000|  0%| F|  |TAMS 0x0000000082e00000, 0x0000000082e00000| Untracked 
|  47|0x0000000082f00000, 0x0000000082f00000, 0x0000000083000000|  0%| F|  |TAMS 0x0000000082f00000, 0x0000000082f00000| Untracked 
|  48|0x0000000083000000, 0x0000000083000000, 0x0000000083100000|  0%| F|  |TAMS 0x0000000083000000, 0x0000000083000000| Untracked 
|  49|0x0000000083100000, 0x0000000083100000, 0x0000000083200000|  0%| F|  |TAMS 0x0000000083100000, 0x0000000083100000| Untracked 
|  50|0x0000000083200000, 0x0000000083200000, 0x0000000083300000|  0%| F|  |TAMS 0x0000000083200000, 0x0000000083200000| Untracked 
|  51|0x0000000083300000, 0x0000000083300000, 0x0000000083400000|  0%| F|  |TAMS 0x0000000083300000, 0x0000000083300000| Untracked 
|  52|0x0000000083400000, 0x0000000083400000, 0x0000000083500000|  0%| F|  |TAMS 0x0000000083400000, 0x0000000083400000| Untracked 
|  53|0x0000000083500000, 0x0000000083500000, 0x0000000083600000|  0%| F|  |TAMS 0x0000000083500000, 0x0000000083500000| Untracked 
|  54|0x0000000083600000, 0x0000000083600000, 0x0000000083700000|  0%| F|  |TAMS 0x0000000083600000, 0x0000000083600000| Untracked 
|  55|0x0000000083700000, 0x0000000083700000, 0x0000000083800000|  0%| F|  |TAMS 0x0000000083700000, 0x0000000083700000| Untracked 
|  56|0x0000000083800000, 0x0000000083800000, 0x0000000083900000|  0%| F|  |TAMS 0x0000000083800000, 0x0000000083800000| Untracked 
|  57|0x0000000083900000, 0x0000000083900000, 0x0000000083a00000|  0%| F|  |TAMS 0x0000000083900000, 0x0000000083900000| Untracked 
|  58|0x0000000083a00000, 0x0000000083a00000, 0x0000000083b00000|  0%| F|  |TAMS 0x0000000083a00000, 0x0000000083a00000| Untracked 
|  59|0x0000000083b00000, 0x0000000083b00000, 0x0000000083c00000|  0%| F|  |TAMS 0x0000000083b00000, 0x0000000083b00000| Untracked 
|  60|0x0000000083c00000, 0x0000000083c00000, 0x0000000083d00000|  0%| F|  |TAMS 0x0000000083c00000, 0x0000000083c00000| Untracked 
|  61|0x0000000083d00000, 0x0000000083d00000, 0x0000000083e00000|  0%| F|  |TAMS 0x0000000083d00000, 0x0000000083d00000| Untracked 
|  62|0x0000000083e00000, 0x0000000083e00000, 0x0000000083f00000|  0%| F|  |TAMS 0x0000000083e00000, 0x0000000083e00000| Untracked 
|  63|0x0000000083f00000, 0x0000000083f00000, 0x0000000084000000|  0%| F|  |TAMS 0x0000000083f00000, 0x0000000083f00000| Untracked 
|  64|0x0000000084000000, 0x0000000084000000, 0x0000000084100000|  0%| F|  |TAMS 0x0000000084000000, 0x0000000084000000| Untracked 
|  65|0x0000000084100000, 0x0000000084100000, 0x0000000084200000|  0%| F|  |TAMS 0x0000000084100000, 0x0000000084100000| Untracked 
|  66|0x0000000084200000, 0x0000000084200000, 0x0000000084300000|  0%| F|  |TAMS 0x0000000084200000, 0x0000000084200000| Untracked 
|  67|0x0000000084300000, 0x0000000084300000, 0x0000000084400000|  0%| F|  |TAMS 0x0000000084300000, 0x0000000084300000| Untracked 
|  68|0x0000000084400000, 0x0000000084400000, 0x0000000084500000|  0%| F|  |TAMS 0x0000000084400000, 0x0000000084400000| Untracked 
|  69|0x0000000084500000, 0x0000000084500000, 0x0000000084600000|  0%| F|  |TAMS 0x0000000084500000, 0x0000000084500000| Untracked 
|  70|0x0000000084600000, 0x0000000084622208, 0x0000000084700000| 13%| S|CS|TAMS 0x0000000084600000, 0x0000000084600000| Complete 
|  71|0x0000000084700000, 0x0000000084800000, 0x0000000084800000|100%| S|CS|TAMS 0x0000000084700000, 0x0000000084700000| Complete 
|  72|0x0000000084800000, 0x0000000084900000, 0x0000000084900000|100%| S|CS|TAMS 0x0000000084800000, 0x0000000084800000| Complete 
|  73|0x0000000084900000, 0x0000000084a00000, 0x0000000084a00000|100%| S|CS|TAMS 0x0000000084900000, 0x0000000084900000| Complete 
|  74|0x0000000084a00000, 0x0000000084b00000, 0x0000000084b00000|100%| S|CS|TAMS 0x0000000084a00000, 0x0000000084a00000| Complete 
|  75|0x0000000084b00000, 0x0000000084b1f928, 0x0000000084c00000| 12%| E|  |TAMS 0x0000000084b00000, 0x0000000084b00000| Complete 
|  76|0x0000000084c00000, 0x0000000084d00000, 0x0000000084d00000|100%| E|CS|TAMS 0x0000000084c00000, 0x0000000084c00000| Complete 
|  77|0x0000000084d00000, 0x0000000084e00000, 0x0000000084e00000|100%| E|CS|TAMS 0x0000000084d00000, 0x0000000084d00000| Complete 
|  78|0x0000000084e00000, 0x0000000084f00000, 0x0000000084f00000|100%| E|CS|TAMS 0x0000000084e00000, 0x0000000084e00000| Complete 
|  79|0x0000000084f00000, 0x0000000085000000, 0x0000000085000000|100%| E|CS|TAMS 0x0000000084f00000, 0x0000000084f00000| Complete 
|  80|0x0000000085000000, 0x0000000085100000, 0x0000000085100000|100%| E|CS|TAMS 0x0000000085000000, 0x0000000085000000| Complete 
|  81|0x0000000085100000, 0x0000000085200000, 0x0000000085200000|100%| E|CS|TAMS 0x0000000085100000, 0x0000000085100000| Complete 
|  82|0x0000000085200000, 0x0000000085300000, 0x0000000085300000|100%| E|CS|TAMS 0x0000000085200000, 0x0000000085200000| Complete 
|  83|0x0000000085300000, 0x0000000085400000, 0x0000000085400000|100%| E|CS|TAMS 0x0000000085300000, 0x0000000085300000| Complete 
|  84|0x0000000085400000, 0x0000000085500000, 0x0000000085500000|100%| E|CS|TAMS 0x0000000085400000, 0x0000000085400000| Complete 
|  85|0x0000000085500000, 0x0000000085600000, 0x0000000085600000|100%| E|CS|TAMS 0x0000000085500000, 0x0000000085500000| Complete 
|  86|0x0000000085600000, 0x0000000085700000, 0x0000000085700000|100%| E|CS|TAMS 0x0000000085600000, 0x0000000085600000| Complete 
|  87|0x0000000085700000, 0x0000000085800000, 0x0000000085800000|100%| E|CS|TAMS 0x0000000085700000, 0x0000000085700000| Complete 
|  88|0x0000000085800000, 0x0000000085900000, 0x0000000085900000|100%| E|CS|TAMS 0x0000000085800000, 0x0000000085800000| Complete 
|  89|0x0000000085900000, 0x0000000085a00000, 0x0000000085a00000|100%| E|CS|TAMS 0x0000000085900000, 0x0000000085900000| Complete 
|  90|0x0000000085a00000, 0x0000000085b00000, 0x0000000085b00000|100%| E|CS|TAMS 0x0000000085a00000, 0x0000000085a00000| Complete 
|  91|0x0000000085b00000, 0x0000000085c00000, 0x0000000085c00000|100%| E|CS|TAMS 0x0000000085b00000, 0x0000000085b00000| Complete 
|  92|0x0000000085c00000, 0x0000000085d00000, 0x0000000085d00000|100%| E|CS|TAMS 0x0000000085c00000, 0x0000000085c00000| Complete 
|  93|0x0000000085d00000, 0x0000000085e00000, 0x0000000085e00000|100%| E|CS|TAMS 0x0000000085d00000, 0x0000000085d00000| Complete 
|  94|0x0000000085e00000, 0x0000000085f00000, 0x0000000085f00000|100%| E|CS|TAMS 0x0000000085e00000, 0x0000000085e00000| Complete 
|  95|0x0000000085f00000, 0x0000000086000000, 0x0000000086000000|100%| E|CS|TAMS 0x0000000085f00000, 0x0000000085f00000| Complete 
|  96|0x0000000086000000, 0x0000000086100000, 0x0000000086100000|100%| E|CS|TAMS 0x0000000086000000, 0x0000000086000000| Complete 
|  97|0x0000000086100000, 0x0000000086200000, 0x0000000086200000|100%| E|CS|TAMS 0x0000000086100000, 0x0000000086100000| Complete 
|  98|0x0000000086200000, 0x0000000086300000, 0x0000000086300000|100%| E|CS|TAMS 0x0000000086200000, 0x0000000086200000| Complete 
|  99|0x0000000086300000, 0x0000000086400000, 0x0000000086400000|100%| E|CS|TAMS 0x0000000086300000, 0x0000000086300000| Complete 
| 100|0x0000000086400000, 0x0000000086500000, 0x0000000086500000|100%| E|  |TAMS 0x0000000086400000, 0x0000000086400000| Complete 
| 101|0x0000000086500000, 0x0000000086600000, 0x0000000086600000|100%| E|CS|TAMS 0x0000000086500000, 0x0000000086500000| Complete 
| 102|0x0000000086600000, 0x0000000086700000, 0x0000000086700000|100%| E|CS|TAMS 0x0000000086600000, 0x0000000086600000| Complete 
| 103|0x0000000086700000, 0x0000000086800000, 0x0000000086800000|100%| E|CS|TAMS 0x0000000086700000, 0x0000000086700000| Complete 
| 104|0x0000000086800000, 0x0000000086900000, 0x0000000086900000|100%| E|CS|TAMS 0x0000000086800000, 0x0000000086800000| Complete 
| 105|0x0000000086900000, 0x0000000086a00000, 0x0000000086a00000|100%| E|CS|TAMS 0x0000000086900000, 0x0000000086900000| Complete 
| 106|0x0000000086a00000, 0x0000000086b00000, 0x0000000086b00000|100%| E|CS|TAMS 0x0000000086a00000, 0x0000000086a00000| Complete 
| 107|0x0000000086b00000, 0x0000000086c00000, 0x0000000086c00000|100%| E|CS|TAMS 0x0000000086b00000, 0x0000000086b00000| Complete 
| 108|0x0000000086c00000, 0x0000000086d00000, 0x0000000086d00000|100%| E|CS|TAMS 0x0000000086c00000, 0x0000000086c00000| Complete 
| 109|0x0000000086d00000, 0x0000000086e00000, 0x0000000086e00000|100%| E|CS|TAMS 0x0000000086d00000, 0x0000000086d00000| Complete 
| 110|0x0000000086e00000, 0x0000000086f00000, 0x0000000086f00000|100%| E|CS|TAMS 0x0000000086e00000, 0x0000000086e00000| Complete 
| 111|0x0000000086f00000, 0x0000000087000000, 0x0000000087000000|100%| E|CS|TAMS 0x0000000086f00000, 0x0000000086f00000| Complete 
| 112|0x0000000087000000, 0x0000000087100000, 0x0000000087100000|100%| E|CS|TAMS 0x0000000087000000, 0x0000000087000000| Complete 
| 113|0x0000000087100000, 0x0000000087200000, 0x0000000087200000|100%| E|CS|TAMS 0x0000000087100000, 0x0000000087100000| Complete 
| 114|0x0000000087200000, 0x0000000087300000, 0x0000000087300000|100%| E|CS|TAMS 0x0000000087200000, 0x0000000087200000| Complete 
| 115|0x0000000087300000, 0x0000000087400000, 0x0000000087400000|100%| E|CS|TAMS 0x0000000087300000, 0x0000000087300000| Complete 
| 116|0x0000000087400000, 0x0000000087500000, 0x0000000087500000|100%| E|CS|TAMS 0x0000000087400000, 0x0000000087400000| Complete 
| 117|0x0000000087500000, 0x0000000087600000, 0x0000000087600000|100%| E|CS|TAMS 0x0000000087500000, 0x0000000087500000| Complete 
| 118|0x0000000087600000, 0x0000000087700000, 0x0000000087700000|100%| E|CS|TAMS 0x0000000087600000, 0x0000000087600000| Complete 
| 119|0x0000000087700000, 0x0000000087800000, 0x0000000087800000|100%| E|CS|TAMS 0x0000000087700000, 0x0000000087700000| Complete 
| 120|0x0000000087800000, 0x0000000087900000, 0x0000000087900000|100%| E|CS|TAMS 0x0000000087800000, 0x0000000087800000| Complete 
| 121|0x0000000087900000, 0x0000000087a00000, 0x0000000087a00000|100%| E|CS|TAMS 0x0000000087900000, 0x0000000087900000| Complete 
| 122|0x0000000087a00000, 0x0000000087b00000, 0x0000000087b00000|100%| E|CS|TAMS 0x0000000087a00000, 0x0000000087a00000| Complete 
| 123|0x0000000087b00000, 0x0000000087c00000, 0x0000000087c00000|100%| E|CS|TAMS 0x0000000087b00000, 0x0000000087b00000| Complete 
| 124|0x0000000087c00000, 0x0000000087d00000, 0x0000000087d00000|100%| E|CS|TAMS 0x0000000087c00000, 0x0000000087c00000| Complete 
| 125|0x0000000087d00000, 0x0000000087e00000, 0x0000000087e00000|100%| E|CS|TAMS 0x0000000087d00000, 0x0000000087d00000| Complete 

Card table byte_map: [0x00000274ebf20000,0x00000274ec320000] _byte_map_base: 0x00000274ebb20000

Marking Bits (Prev, Next): (CMBitMap*) 0x00000274d8d2ea78, (CMBitMap*) 0x00000274d8d2eab0
 Prev Bits: [0x00000274ec720000, 0x00000274ee720000)
 Next Bits: [0x00000274ee720000, 0x00000274f0720000)

Polling page: 0x00000274d6cb0000

Metaspace:

Usage:
  Non-class:     42.03 MB capacity,    41.32 MB ( 98%) used,   605.92 KB (  1%) free+waste,   127.63 KB ( <1%) overhead. 
      Class:      6.50 MB capacity,     6.05 MB ( 93%) used,   409.22 KB (  6%) free+waste,    60.56 KB ( <1%) overhead. 
       Both:     48.54 MB capacity,    47.36 MB ( 98%) used,  1015.14 KB (  2%) free+waste,   188.19 KB ( <1%) overhead. 

Virtual space:
  Non-class space:       44.00 MB reserved,      42.25 MB ( 96%) committed 
      Class space:        1.00 GB reserved,       6.57 MB ( <1%) committed 
             Both:        1.04 GB reserved,      48.82 MB (  5%) committed 

Chunk freelists:
   Non-Class:  1.00 KB
       Class:  0 bytes
        Both:  1.00 KB

MaxMetaspaceSize: 17179869184.00 GB
CompressedClassSpaceSize: 1.00 GB

CodeHeap 'non-profiled nmethods': size=120000Kb used=2926Kb max_used=2926Kb free=117073Kb
 bounds [0x00000274e42c0000, 0x00000274e45a0000, 0x00000274eb7f0000]
CodeHeap 'profiled nmethods': size=120000Kb used=11045Kb max_used=11045Kb free=108954Kb
 bounds [0x00000274dcd90000, 0x00000274dd860000, 0x00000274e42c0000]
CodeHeap 'non-nmethods': size=5760Kb used=2217Kb max_used=2255Kb free=3542Kb
 bounds [0x00000274dc7f0000, 0x00000274dca60000, 0x00000274dcd90000]
 total_blobs=6229 nmethods=5441 adapters=699
 compilation: enabled
              stopped_count=0, restarted_count=0
 full_count=0

Compilation events (20 events):
Event: 43.203 Thread 0x00000274f3b00000 5441       3       java.beans.PropertyDescriptor::<init> (302 bytes)
Event: 43.209 Thread 0x00000274f3b00000 nmethod 5441 0x00000274dd84d310 code [0x00000274dd84da00, 0x00000274dd852618]
Event: 43.209 Thread 0x00000274f3b00000 5446       3       java.util.Collections$SynchronizedCollection::iterator (10 bytes)
Event: 43.210 Thread 0x00000274f3b00000 nmethod 5446 0x00000274dd853a10 code [0x00000274dd853bc0, 0x00000274dd853d88]
Event: 43.210 Thread 0x00000274f3b00000 5445       3       java.beans.FeatureDescriptor::<init> (137 bytes)
Event: 43.211 Thread 0x00000274f3b00000 nmethod 5445 0x00000274dd853e90 code [0x00000274dd854140, 0x00000274dd854f38]
Event: 43.211 Thread 0x00000274f3b00000 5442       3       com.sun.beans.introspect.PropertyInfo::getReadMethod (19 bytes)
Event: 43.212 Thread 0x00000274f3b00000 nmethod 5442 0x00000274dd855290 code [0x00000274dd855440, 0x00000274dd8555b8]
Event: 43.212 Thread 0x00000274f3b00000 5443       3       com.sun.beans.introspect.PropertyInfo::getWriteMethod (19 bytes)
Event: 43.212 Thread 0x00000274f3b00000 nmethod 5443 0x00000274dd855690 code [0x00000274dd855840, 0x00000274dd8559b8]
Event: 43.212 Thread 0x00000274f3b00000 5444       3       com.sun.beans.introspect.PropertyInfo::isConstrained (101 bytes)
Event: 43.213 Thread 0x00000274f3b00000 nmethod 5444 0x00000274dd855a90 code [0x00000274dd855c60, 0x00000274dd855f18]
Event: 43.213 Thread 0x00000274f3b00000 5447       3       java.util.Collections$UnmodifiableMap$UnmodifiableEntrySet$UnmodifiableEntry::getKey (10 bytes)
Event: 43.213 Thread 0x00000274f3b00000 nmethod 5447 0x00000274dd856010 code [0x00000274dd8561c0, 0x00000274dd856388]
Event: 43.224 Thread 0x00000274f3b00000 5448       3       groovy.lang.MetaClassImpl::findMethod (130 bytes)
Event: 43.227 Thread 0x00000274f3b00000 nmethod 5448 0x00000274dd856490 code [0x00000274dd856760, 0x00000274dd857778]
Event: 43.227 Thread 0x00000274f3b00000 5449       3       groovy.lang.MetaMethod::equal (38 bytes)
Event: 43.227 Thread 0x00000274f3b00000 nmethod 5449 0x00000274dd857c90 code [0x00000274dd857e60, 0x00000274dd8580d8]
Event: 43.227 Thread 0x00000274f3b00000 5451       3       org.codehaus.groovy.util.LockableObject::unlock (7 bytes)
Event: 43.228 Thread 0x00000274f3b00000 nmethod 5451 0x00000274dd858210 code [0x00000274dd8583e0, 0x00000274dd8586f8]

GC Heap History (20 events):
Event: 2.213 GC heap before
{Heap before GC invocations=0 (full 0):
 garbage-first heap   total 129024K, used 29696K [0x0000000080000000, 0x0000000100000000)
  region size 1024K, 24 young (24576K), 0 survivors (0K)
 Metaspace       used 9869K, capacity 10114K, committed 10368K, reserved 1058816K
  class space    used 1028K, capacity 1102K, committed 1152K, reserved 1048576K
}
Event: 2.221 GC heap after
{Heap after GC invocations=1 (full 0):
 garbage-first heap   total 129024K, used 9044K [0x0000000080000000, 0x0000000100000000)
  region size 1024K, 3 young (3072K), 3 survivors (3072K)
 Metaspace       used 9869K, capacity 10114K, committed 10368K, reserved 1058816K
  class space    used 1028K, capacity 1102K, committed 1152K, reserved 1048576K
}
Event: 2.948 GC heap before
{Heap before GC invocations=1 (full 0):
 garbage-first heap   total 129024K, used 30548K [0x0000000080000000, 0x0000000100000000)
  region size 1024K, 24 young (24576K), 3 survivors (3072K)
 Metaspace       used 10792K, capacity 11005K, committed 11264K, reserved 1058816K
  class space    used 1130K, capacity 1207K, committed 1280K, reserved 1048576K
}
Event: 2.954 GC heap after
{Heap after GC invocations=2 (full 0):
 garbage-first heap   total 129024K, used 9725K [0x0000000080000000, 0x0000000100000000)
  region size 1024K, 1 young (1024K), 1 survivors (1024K)
 Metaspace       used 10792K, capacity 11005K, committed 11264K, reserved 1058816K
  class space    used 1130K, capacity 1207K, committed 1280K, reserved 1048576K
}
Event: 10.891 GC heap before
{Heap before GC invocations=2 (full 0):
 garbage-first heap   total 129024K, used 62973K [0x0000000080000000, 0x0000000100000000)
  region size 1024K, 53 young (54272K), 1 survivors (1024K)
 Metaspace       used 17659K, capacity 18053K, committed 18176K, reserved 1064960K
  class space    used 2094K, capacity 2218K, committed 2304K, reserved 1048576K
}
Event: 10.902 GC heap after
{Heap after GC invocations=3 (full 0):
 garbage-first heap   total 129024K, used 16020K [0x0000000080000000, 0x0000000100000000)
  region size 1024K, 7 young (7168K), 7 survivors (7168K)
 Metaspace       used 17659K, capacity 18053K, committed 18176K, reserved 1064960K
  class space    used 2094K, capacity 2218K, committed 2304K, reserved 1048576K
}
Event: 15.131 GC heap before
{Heap before GC invocations=3 (full 0):
 garbage-first heap   total 129024K, used 40596K [0x0000000080000000, 0x0000000100000000)
  region size 1024K, 32 young (32768K), 7 survivors (7168K)
 Metaspace       used 20696K, capacity 21075K, committed 21248K, reserved 1067008K
  class space    used 2540K, capacity 2693K, committed 2816K, reserved 1048576K
}
Event: 15.144 GC heap after
{Heap after GC invocations=4 (full 0):
 garbage-first heap   total 129024K, used 16961K [0x0000000080000000, 0x0000000100000000)
  region size 1024K, 1 young (1024K), 1 survivors (1024K)
 Metaspace       used 20696K, capacity 21075K, committed 21248K, reserved 1067008K
  class space    used 2540K, capacity 2693K, committed 2816K, reserved 1048576K
}
Event: 20.202 GC heap before
{Heap before GC invocations=5 (full 0):
 garbage-first heap   total 129024K, used 70209K [0x0000000080000000, 0x0000000100000000)
  region size 1024K, 53 young (54272K), 1 survivors (1024K)
 Metaspace       used 26104K, capacity 26630K, committed 26752K, reserved 1073152K
  class space    used 3410K, capacity 3615K, committed 3712K, reserved 1048576K
}
Event: 20.210 GC heap after
{Heap after GC invocations=6 (full 0):
 garbage-first heap   total 129024K, used 18900K [0x0000000080000000, 0x0000000100000000)
  region size 1024K, 3 young (3072K), 3 survivors (3072K)
 Metaspace       used 26104K, capacity 26630K, committed 26752K, reserved 1073152K
  class space    used 3410K, capacity 3615K, committed 3712K, reserved 1048576K
}
Event: 24.594 GC heap before
{Heap before GC invocations=6 (full 0):
 garbage-first heap   total 129024K, used 75220K [0x0000000080000000, 0x0000000100000000)
  region size 1024K, 58 young (59392K), 3 survivors (3072K)
 Metaspace       used 34455K, capacity 35215K, committed 35328K, reserved 1079296K
  class space    used 4476K, capacity 4799K, committed 4864K, reserved 1048576K
}
Event: 24.605 GC heap after
{Heap after GC invocations=7 (full 0):
 garbage-first heap   total 129024K, used 22066K [0x0000000080000000, 0x0000000100000000)
  region size 1024K, 6 young (6144K), 6 survivors (6144K)
 Metaspace       used 34455K, capacity 35215K, committed 35328K, reserved 1079296K
  class space    used 4476K, capacity 4799K, committed 4864K, reserved 1048576K
}
Event: 24.794 GC heap before
{Heap before GC invocations=7 (full 0):
 garbage-first heap   total 129024K, used 25138K [0x0000000080000000, 0x0000000100000000)
  region size 1024K, 10 young (10240K), 6 survivors (6144K)
 Metaspace       used 34986K, capacity 35786K, committed 35840K, reserved 1081344K
  class space    used 4548K, capacity 4863K, committed 4864K, reserved 1048576K
}
Event: 24.814 GC heap after
{Heap after GC invocations=8 (full 0):
 garbage-first heap   total 129024K, used 22845K [0x0000000080000000, 0x0000000100000000)
  region size 1024K, 4 young (4096K), 4 survivors (4096K)
 Metaspace       used 34986K, capacity 35786K, committed 35840K, reserved 1081344K
  class space    used 4548K, capacity 4863K, committed 4864K, reserved 1048576K
}
Event: 26.556 GC heap before
{Heap before GC invocations=9 (full 0):
 garbage-first heap   total 129024K, used 70973K [0x0000000080000000, 0x0000000100000000)
  region size 1024K, 49 young (50176K), 4 survivors (4096K)
 Metaspace       used 38758K, capacity 39703K, committed 39884K, reserved 1083392K
  class space    used 4950K, capacity 5312K, committed 5324K, reserved 1048576K
}
Event: 26.569 GC heap after
{Heap after GC invocations=10 (full 0):
 garbage-first heap   total 129024K, used 26388K [0x0000000080000000, 0x0000000100000000)
  region size 1024K, 7 young (7168K), 7 survivors (7168K)
 Metaspace       used 38758K, capacity 39703K, committed 39884K, reserved 1083392K
  class space    used 4950K, capacity 5312K, committed 5324K, reserved 1048576K
}
Event: 28.864 GC heap before
{Heap before GC invocations=10 (full 0):
 garbage-first heap   total 129024K, used 75540K [0x0000000080000000, 0x0000000100000000)
  region size 1024K, 54 young (55296K), 7 survivors (7168K)
 Metaspace       used 43148K, capacity 44196K, committed 44364K, reserved 1087488K
  class space    used 5483K, capacity 5860K, committed 5964K, reserved 1048576K
}
Event: 28.878 GC heap after
{Heap after GC invocations=11 (full 0):
 garbage-first heap   total 129024K, used 28583K [0x0000000080000000, 0x0000000100000000)
  region size 1024K, 6 young (6144K), 6 survivors (6144K)
 Metaspace       used 43148K, capacity 44196K, committed 44364K, reserved 1087488K
  class space    used 5483K, capacity 5860K, committed 5964K, reserved 1048576K
}
Event: 31.389 GC heap before
{Heap before GC invocations=11 (full 0):
 garbage-first heap   total 129024K, used 78759K [0x0000000080000000, 0x0000000100000000)
  region size 1024K, 55 young (56320K), 6 survivors (6144K)
 Metaspace       used 46740K, capacity 47929K, committed 48076K, reserved 1091584K
  class space    used 6022K, capacity 6467K, committed 6604K, reserved 1048576K
}
Event: 31.410 GC heap after
{Heap after GC invocations=12 (full 0):
 garbage-first heap   total 129024K, used 30489K [0x0000000080000000, 0x0000000100000000)
  region size 1024K, 5 young (5120K), 5 survivors (5120K)
 Metaspace       used 46740K, capacity 47929K, committed 48076K, reserved 1091584K
  class space    used 6022K, capacity 6467K, committed 6604K, reserved 1048576K
}

Deoptimization events (20 events):
Event: 39.703 Thread 0x00000274f3c75800 DEOPT PACKING pc=0x00000274dd7ff12a sp=0x00000074814f1e00
Event: 39.703 Thread 0x00000274f3c75800 DEOPT UNPACKING pc=0x00000274dc816dde sp=0x00000074814f13f0 mode 0
Event: 39.735 Thread 0x00000274f3c75800 Uncommon trap: trap_request=0xffffff4d fr.pc=0x00000274e43208ec relative=0x000000000000154c
Event: 39.735 Thread 0x00000274f3c75800 Uncommon trap: reason=unstable_if action=reinterpret pc=0x00000274e43208ec method=java.util.jar.JarFile.checkForSpecialAttributes()V @ 53 c2
Event: 39.735 Thread 0x00000274f3c75800 DEOPT PACKING pc=0x00000274e43208ec sp=0x00000074814f23e0
Event: 39.735 Thread 0x00000274f3c75800 DEOPT UNPACKING pc=0x00000274dc81662f sp=0x00000074814f22e8 mode 2
Event: 40.287 Thread 0x00000274f3c75800 Uncommon trap: trap_request=0xffffff4d fr.pc=0x00000274e43289b0 relative=0x0000000000001230
Event: 40.287 Thread 0x00000274f3c75800 Uncommon trap: reason=unstable_if action=reinterpret pc=0x00000274e43289b0 method=java.util.jar.JarFile.checkForSpecialAttributes()V @ 53 c2
Event: 40.287 Thread 0x00000274f3c75800 DEOPT PACKING pc=0x00000274e43289b0 sp=0x00000074814f2380
Event: 40.287 Thread 0x00000274f3c75800 DEOPT UNPACKING pc=0x00000274dc81662f sp=0x00000074814f22e0 mode 2
Event: 40.521 Thread 0x00000274f3c75800 DEOPT PACKING pc=0x00000274dd7ff12a sp=0x00000074814f1d70
Event: 40.521 Thread 0x00000274f3c75800 DEOPT UNPACKING pc=0x00000274dc816dde sp=0x00000074814f1348 mode 0
Event: 40.959 Thread 0x00000274f3c75800 DEOPT PACKING pc=0x00000274dd7ff12a sp=0x00000074814f1d70
Event: 40.959 Thread 0x00000274f3c75800 DEOPT UNPACKING pc=0x00000274dc816dde sp=0x00000074814f1348 mode 0
Event: 41.451 Thread 0x00000274f3c75800 DEOPT PACKING pc=0x00000274dd7ff12a sp=0x00000074814f1bf0
Event: 41.451 Thread 0x00000274f3c75800 DEOPT UNPACKING pc=0x00000274dc816dde sp=0x00000074814f11c8 mode 0
Event: 42.143 Thread 0x00000274f3c75800 DEOPT PACKING pc=0x00000274dd7ff12a sp=0x00000074814f1bf0
Event: 42.143 Thread 0x00000274f3c75800 DEOPT UNPACKING pc=0x00000274dc816dde sp=0x00000074814f11c8 mode 0
Event: 42.558 Thread 0x00000274f3c75800 DEOPT PACKING pc=0x00000274dd007d97 sp=0x00000074814f1d40
Event: 42.558 Thread 0x00000274f3c75800 DEOPT UNPACKING pc=0x00000274dc816dde sp=0x00000074814f12c8 mode 0

Classes redefined (0 events):
No events

Internal exceptions (20 events):
Event: 40.288 Thread 0x00000274f3c75800 Exception <a 'java/security/PrivilegedActionException'{0x000000008595deb0}> (0x000000008595deb0) thrown at [./src/hotspot/share/prims/jvm.cpp, line 1306]
Event: 40.288 Thread 0x00000274f3c75800 Exception <a 'java/security/PrivilegedActionException'{0x0000000085960b10}> (0x0000000085960b10) thrown at [./src/hotspot/share/prims/jvm.cpp, line 1306]
Event: 40.289 Thread 0x00000274f3c75800 Exception <a 'java/security/PrivilegedActionException'{0x0000000085961dd0}> (0x0000000085961dd0) thrown at [./src/hotspot/share/prims/jvm.cpp, line 1306]
Event: 40.289 Thread 0x00000274f3c75800 Exception <a 'java/security/PrivilegedActionException'{0x0000000085964aa8}> (0x0000000085964aa8) thrown at [./src/hotspot/share/prims/jvm.cpp, line 1306]
Event: 40.289 Thread 0x00000274f3c75800 Exception <a 'java/security/PrivilegedActionException'{0x0000000085965d68}> (0x0000000085965d68) thrown at [./src/hotspot/share/prims/jvm.cpp, line 1306]
Event: 42.745 Thread 0x00000274f3c75800 Exception <a 'java/lang/ClassNotFoundException'{0x0000000085479f70}: org/gradle/api/internal/project/DefaultProject_DecoratedBeanInfo> (0x0000000085479f70) thrown at [./src/hotspot/share/classfile/systemDictionary.cpp, line 231]
Event: 42.747 Thread 0x00000274f3c75800 Exception <a 'java/lang/ClassNotFoundException'{0x00000000854c3cc0}: org/gradle/api/internal/project/DefaultProjectBeanInfo> (0x00000000854c3cc0) thrown at [./src/hotspot/share/classfile/systemDictionary.cpp, line 231]
Event: 42.749 Thread 0x00000274f3c75800 Exception <a 'java/lang/ClassNotFoundException'{0x00000000854f1358}: org/gradle/api/internal/project/DefaultProjectCustomizer> (0x00000000854f1358) thrown at [./src/hotspot/share/classfile/systemDictionary.cpp, line 231]
Event: 42.763 Thread 0x00000274f3c75800 Exception <a 'java/lang/ClassNotFoundException'{0x00000000853b34b8}: org/gradle/api/internal/project/DefaultProject_DecoratedCustomizer> (0x00000000853b34b8) thrown at [./src/hotspot/share/classfile/systemDictionary.cpp, line 231]
Event: 43.172 Thread 0x00000274f3c75800 Exception <a 'java/lang/ClassNotFoundException'{0x0000000084f2adb0}: org/gradle/api/tasks/Delete_DecoratedBeanInfo> (0x0000000084f2adb0) thrown at [./src/hotspot/share/classfile/systemDictionary.cpp, line 231]
Event: 43.174 Thread 0x00000274f3c75800 Exception <a 'java/lang/ClassNotFoundException'{0x0000000084f54820}: org/gradle/api/tasks/DeleteBeanInfo> (0x0000000084f54820) thrown at [./src/hotspot/share/classfile/systemDictionary.cpp, line 231]
Event: 43.176 Thread 0x00000274f3c75800 Exception <a 'java/lang/ClassNotFoundException'{0x0000000084f81ba8}: org/gradle/api/internal/ConventionTaskBeanInfo> (0x0000000084f81ba8) thrown at [./src/hotspot/share/classfile/systemDictionary.cpp, line 231]
Event: 43.177 Thread 0x00000274f3c75800 Exception <a 'java/lang/ClassNotFoundException'{0x0000000084fab558}: org/gradle/api/DefaultTaskBeanInfo> (0x0000000084fab558) thrown at [./src/hotspot/share/classfile/systemDictionary.cpp, line 231]
Event: 43.179 Thread 0x00000274f3c75800 Exception <a 'java/lang/ClassNotFoundException'{0x0000000084fd8df8}: org/gradle/api/internal/AbstractTaskBeanInfo> (0x0000000084fd8df8) thrown at [./src/hotspot/share/classfile/systemDictionary.cpp, line 231]
Event: 43.181 Thread 0x00000274f3c75800 Exception <a 'java/lang/ClassNotFoundException'{0x0000000084e07318}: org/gradle/api/internal/AbstractTaskCustomizer> (0x0000000084e07318) thrown at [./src/hotspot/share/classfile/systemDictionary.cpp, line 231]
Event: 43.188 Thread 0x00000274f3c75800 Exception <a 'java/lang/ClassNotFoundException'{0x0000000084e79858}: org/gradle/api/DefaultTaskCustomizer> (0x0000000084e79858) thrown at [./src/hotspot/share/classfile/systemDictionary.cpp, line 231]
Event: 43.196 Thread 0x00000274f3c75800 Exception <a 'java/lang/ClassNotFoundException'{0x0000000084efb308}: org/gradle/api/internal/ConventionTaskCustomizer> (0x0000000084efb308) thrown at [./src/hotspot/share/classfile/systemDictionary.cpp, line 231]
Event: 43.199 Thread 0x00000274f3c75800 Exception <a 'java/lang/ClassNotFoundException'{0x0000000084d337f0}: org/gradle/api/tasks/DeleteCustomizer> (0x0000000084d337f0) thrown at [./src/hotspot/share/classfile/systemDictionary.cpp, line 231]
Event: 43.203 Thread 0x00000274f3c75800 Exception <a 'java/lang/ClassNotFoundException'{0x0000000084d72bd0}: org/gradle/api/tasks/Delete_DecoratedCustomizer> (0x0000000084d72bd0) thrown at [./src/hotspot/share/classfile/systemDictionary.cpp, line 231]
Event: 43.305 Thread 0x00000274f3c75800 Exception <a 'java/lang/NoSuchMethodError'{0x0000000084c85be8}: 'long java.lang.invoke.DirectMethodHandle$Holder.invokeVirtual(java.lang.Object, java.lang.Object)'> (0x0000000084c85be8) thrown at [./src/hotspot/share/interpreter/linkResolver.cpp, line 773]

Events (20 events):
Event: 43.300 loading class org/gradle/configuration/project/LifecycleProjectEvaluator$NotifyAfterEvaluate$1
Event: 43.300 loading class org/gradle/configuration/project/LifecycleProjectEvaluator$NotifyAfterEvaluate$1 done
Event: 43.301 loading class org/gradle/configuration/project/NotifyProjectAfterEvaluatedBuildOperationType
Event: 43.301 loading class org/gradle/configuration/project/NotifyProjectAfterEvaluatedBuildOperationType done
Event: 43.302 loading class org/gradle/configuration/project/NotifyProjectAfterEvaluatedBuildOperationType$Result
Event: 43.302 loading class org/gradle/configuration/project/NotifyProjectAfterEvaluatedBuildOperationType$Result done
Event: 43.302 loading class org/gradle/configuration/project/NotifyProjectAfterEvaluatedBuildOperationType$1
Event: 43.302 loading class org/gradle/configuration/project/NotifyProjectAfterEvaluatedBuildOperationType$1 done
Event: 43.303 loading class org/gradle/configuration/project/ConfigureProjectBuildOperationType
Event: 43.303 loading class org/gradle/configuration/project/ConfigureProjectBuildOperationType done
Event: 43.303 loading class org/gradle/configuration/project/ConfigureProjectBuildOperationType$Result
Event: 43.303 loading class org/gradle/configuration/project/ConfigureProjectBuildOperationType$Result done
Event: 43.304 loading class org/gradle/configuration/project/ConfigureProjectBuildOperationType$1
Event: 43.304 loading class org/gradle/configuration/project/ConfigureProjectBuildOperationType$1 done
Event: 43.305 loading class org/gradle/tooling/internal/provider/runner/ClientForwardingProjectConfigurationOperationListener$PluginApplicationResult
Event: 43.305 loading class org/gradle/tooling/internal/provider/runner/ClientForwardingProjectConfigurationOperationListener$PluginApplicationResult done
Event: 43.306 loading class org/gradle/tooling/internal/protocol/events/InternalProjectConfigurationResult$InternalPluginApplicationResult
Event: 43.306 loading class org/gradle/tooling/internal/protocol/events/InternalProjectConfigurationResult$InternalPluginApplicationResult done
Event: 43.307 loading class org/gradle/tooling/internal/provider/runner/ClientForwardingProjectConfigurationOperationListener$PluginApplicationResult
Event: 43.307 loading class org/gradle/tooling/internal/provider/runner/ClientForwardingProjectConfigurationOperationListener$PluginApplicationResult done


Dynamic libraries:
0x00007ff6e6a10000 - 0x00007ff6e6a1a000 	C:\Program Files\Android\Android Studio\jre\bin\java.exe
0x00007ff9e2e10000 - 0x00007ff9e3005000 	C:\Windows\SYSTEM32\ntdll.dll
0x00007ff9e2250000 - 0x00007ff9e230e000 	C:\Windows\System32\KERNEL32.DLL
0x00007ff9e0790000 - 0x00007ff9e0a58000 	C:\Windows\System32\KERNELBASE.dll
0x00007ff9e0690000 - 0x00007ff9e0790000 	C:\Windows\System32\ucrtbase.dll
0x00007ff9b39b0000 - 0x00007ff9b39c9000 	C:\Program Files\Android\Android Studio\jre\bin\jli.dll
0x00007ff9af300000 - 0x00007ff9af317000 	C:\Program Files\Android\Android Studio\jre\bin\VCRUNTIME140.dll
0x00007ff9e1da0000 - 0x00007ff9e1f40000 	C:\Windows\System32\USER32.dll
0x00007ff9e0e10000 - 0x00007ff9e0e32000 	C:\Windows\System32\win32u.dll
0x00007ff9c28d0000 - 0x00007ff9c2b6a000 	C:\Windows\WinSxS\amd64_microsoft.windows.common-controls_6595b64144ccf1df_6.0.19041.1110_none_60b5254171f9507e\COMCTL32.dll
0x00007ff9e2520000 - 0x00007ff9e254b000 	C:\Windows\System32\GDI32.dll
0x00007ff9e0ba0000 - 0x00007ff9e0cab000 	C:\Windows\System32\gdi32full.dll
0x00007ff9e2d30000 - 0x00007ff9e2dce000 	C:\Windows\System32\msvcrt.dll
0x00007ff9e0d70000 - 0x00007ff9e0e0d000 	C:\Windows\System32\msvcp_win.dll
0x00007ff9e1840000 - 0x00007ff9e1870000 	C:\Windows\System32\IMM32.DLL
0x00007ff9a7750000 - 0x00007ff9a77ed000 	C:\Program Files\Android\Android Studio\jre\bin\msvcp140.dll
0x00007ff9a3940000 - 0x00007ff9a4415000 	C:\Program Files\Android\Android Studio\jre\bin\server\jvm.dll
0x00007ff9e2470000 - 0x00007ff9e251e000 	C:\Windows\System32\ADVAPI32.dll
0x00007ff9e2a50000 - 0x00007ff9e2aec000 	C:\Windows\System32\sechost.dll
0x00007ff9e2ba0000 - 0x00007ff9e2cc5000 	C:\Windows\System32\RPCRT4.dll
0x00007ff9e1bd0000 - 0x00007ff9e1bd8000 	C:\Windows\System32\PSAPI.DLL
0x00007ff9dcdf0000 - 0x00007ff9dcdf9000 	C:\Windows\SYSTEM32\WSOCK32.dll
0x00007ff9d9da0000 - 0x00007ff9d9daa000 	C:\Windows\SYSTEM32\VERSION.dll
0x00007ff9c0f80000 - 0x00007ff9c0fa7000 	C:\Windows\SYSTEM32\WINMM.dll
0x00007ff9e23d0000 - 0x00007ff9e243b000 	C:\Windows\System32\WS2_32.dll
0x00007ff9dedc0000 - 0x00007ff9dedd2000 	C:\Windows\SYSTEM32\kernel.appcore.dll
0x00007ff9dacc0000 - 0x00007ff9dacd1000 	C:\Program Files\Android\Android Studio\jre\bin\verify.dll
0x00007ff9deae0000 - 0x00007ff9decc4000 	C:\Windows\SYSTEM32\DBGHELP.DLL
0x00007ff9c3570000 - 0x00007ff9c359c000 	C:\Windows\SYSTEM32\dbgcore.DLL
0x00007ff9e0a60000 - 0x00007ff9e0ae2000 	C:\Windows\System32\bcryptPrimitives.dll
0x00007ff9c6910000 - 0x00007ff9c6939000 	C:\Program Files\Android\Android Studio\jre\bin\java.dll
0x00007ff9dbfd0000 - 0x00007ff9dbfdb000 	C:\Program Files\Android\Android Studio\jre\bin\jimage.dll
0x00007ff9d91f0000 - 0x00007ff9d9208000 	C:\Program Files\Android\Android Studio\jre\bin\zip.dll
0x00007ff9e10f0000 - 0x00007ff9e1834000 	C:\Windows\System32\SHELL32.dll
0x00007ff9de280000 - 0x00007ff9dea14000 	C:\Windows\SYSTEM32\windows.storage.dll
0x00007ff9e1870000 - 0x00007ff9e1bc4000 	C:\Windows\System32\combase.dll
0x00007ff9dff90000 - 0x00007ff9dffbc000 	C:\Windows\SYSTEM32\Wldp.dll
0x00007ff9e2af0000 - 0x00007ff9e2b9d000 	C:\Windows\System32\SHCORE.dll
0x00007ff9e2370000 - 0x00007ff9e23c5000 	C:\Windows\System32\shlwapi.dll
0x00007ff9e0470000 - 0x00007ff9e048f000 	C:\Windows\SYSTEM32\profapi.dll
0x00007ff9c85d0000 - 0x00007ff9c85ea000 	C:\Program Files\Android\Android Studio\jre\bin\net.dll
0x00007ff9cd7b0000 - 0x00007ff9cd8b9000 	C:\Windows\SYSTEM32\WINHTTP.dll
0x00007ff9dfcf0000 - 0x00007ff9dfd5a000 	C:\Windows\system32\mswsock.dll
0x00007ff9c6640000 - 0x00007ff9c6654000 	C:\Program Files\Android\Android Studio\jre\bin\nio.dll
0x00007ff9c7500000 - 0x00007ff9c7527000 	C:\Users\HP\.gradle\native\e1d6ef7f7dcc3fd88c89a11ec53ec762bb8ba0a96d01ffa2cd45eb1d1d8dd5c5\windows-amd64\native-platform.dll
0x00007ff99c2c0000 - 0x00007ff99c404000 	C:\Users\HP\.gradle\native\5664cfc778a61ccfe75a443a1ab52a65af34e5dc3c78e0209fed803814484fcb\windows-amd64\native-platform-file-events.dll
0x00007ff9dae40000 - 0x00007ff9dae4a000 	C:\Program Files\Android\Android Studio\jre\bin\management.dll
0x00007ff9dad80000 - 0x00007ff9dad8d000 	C:\Program Files\Android\Android Studio\jre\bin\management_ext.dll
0x00007ff9dfee0000 - 0x00007ff9dfef8000 	C:\Windows\SYSTEM32\CRYPTSP.dll
0x00007ff9df600000 - 0x00007ff9df634000 	C:\Windows\system32\rsaenh.dll
0x00007ff9e0e40000 - 0x00007ff9e0e67000 	C:\Windows\System32\bcrypt.dll
0x00007ff9e0430000 - 0x00007ff9e045e000 	C:\Windows\SYSTEM32\USERENV.dll
0x00007ff9dff00000 - 0x00007ff9dff0c000 	C:\Windows\SYSTEM32\CRYPTBASE.dll
0x00007ff9df990000 - 0x00007ff9df9cb000 	C:\Windows\SYSTEM32\IPHLPAPI.DLL
0x00007ff9e2460000 - 0x00007ff9e2468000 	C:\Windows\System32\NSI.dll
0x00007ff9d6d60000 - 0x00007ff9d6d77000 	C:\Windows\SYSTEM32\dhcpcsvc6.DLL
0x00007ff9d98e0000 - 0x00007ff9d98fd000 	C:\Windows\SYSTEM32\dhcpcsvc.DLL
0x00007ff9dfa30000 - 0x00007ff9dfafa000 	C:\Windows\SYSTEM32\DNSAPI.dll

dbghelp: loaded successfully - version: 4.0.5 - missing functions: none
symbol engine: initialized successfully - sym options: 0x614 - pdb path: .;C:\Program Files\Android\Android Studio\jre\bin;C:\Windows\SYSTEM32;C:\Windows\WinSxS\amd64_microsoft.windows.common-controls_6595b64144ccf1df_6.0.19041.1110_none_60b5254171f9507e;C:\Program Files\Android\Android Studio\jre\bin\server;C:\Users\HP\.gradle\native\e1d6ef7f7dcc3fd88c89a11ec53ec762bb8ba0a96d01ffa2cd45eb1d1d8dd5c5\windows-amd64;C:\Users\HP\.gradle\native\5664cfc778a61ccfe75a443a1ab52a65af34e5dc3c78e0209fed803814484fcb\windows-amd64

VM Arguments:
jvm_args: --add-opens=java.base/java.util=ALL-UNNAMED --add-opens=java.base/java.lang=ALL-UNNAMED --add-opens=java.base/java.lang.invoke=ALL-UNNAMED --add-opens=java.base/java.util=ALL-UNNAMED --add-opens=java.prefs/java.util.prefs=ALL-UNNAMED --add-opens=java.prefs/java.util.prefs=ALL-UNNAMED --add-opens=java.base/java.nio.charset=ALL-UNNAMED --add-opens=java.base/java.net=ALL-UNNAMED --add-opens=java.base/java.util.concurrent.atomic=ALL-UNNAMED -Xmx2048m -Dfile.encoding=UTF-8 -Duser.country=US -Duser.language=en -Duser.variant 
java_command: org.gradle.launcher.daemon.bootstrap.GradleDaemon 7.2
java_class_path (initial): C:\Users\HP\.gradle\wrapper\dists\gradle-7.2-bin\2dnblmf4td7x66yl1d74lt32g\gradle-7.2\lib\gradle-launcher-7.2.jar
Launcher Type: SUN_STANDARD

[Global flags]
     intx CICompilerCount                          = 4                                         {product} {ergonomic}
     uint ConcGCThreads                            = 2                                         {product} {ergonomic}
     uint G1ConcRefinementThreads                  = 8                                         {product} {ergonomic}
   size_t G1HeapRegionSize                         = 1048576                                   {product} {ergonomic}
    uintx GCDrainStackTargetSize                   = 64                                        {product} {ergonomic}
   size_t InitialHeapSize                          = 132120576                                 {product} {ergonomic}
   size_t MarkStackSize                            = 4194304                                   {product} {ergonomic}
   size_t MaxHeapSize                              = 2147483648                                {product} {command line}
   size_t MaxNewSize                               = 1287651328                                {product} {ergonomic}
   size_t MinHeapDeltaBytes                        = 1048576                                   {product} {ergonomic}
    uintx NonNMethodCodeHeapSize                   = 5836300                                {pd product} {ergonomic}
    uintx NonProfiledCodeHeapSize                  = 122910970                              {pd product} {ergonomic}
    uintx ProfiledCodeHeapSize                     = 122910970                              {pd product} {ergonomic}
    uintx ReservedCodeCacheSize                    = 251658240                              {pd product} {ergonomic}
     bool SegmentedCodeCache                       = true                                      {product} {ergonomic}
     bool UseCompressedClassPointers               = true                                 {lp64_product} {ergonomic}
     bool UseCompressedOops                        = true                                 {lp64_product} {ergonomic}
     bool UseG1GC                                  = true                                      {product} {ergonomic}
     bool UseLargePagesIndividualAllocation        = false                                  {pd product} {ergonomic}

Logging:
Log output configuration:
 #0: stdout all=warning uptime,level,tags
 #1: stderr all=off uptime,level,tags

Environment Variables:
JAVA_HOME=C:\Program Files\Java\jdk-17.0.2
PATH=C:\Program Files\Common Files\Oracle\Java\javapath;C:\Windows\system32;C:\Windows;C:\Windows\System32\Wbem;C:\Windows\System32\WindowsPowerShell\v1.0\;C:\Windows\System32\OpenSSH\;C:\Program Files\Java\jdk-17.0.2\bin;C:\Program Files\Microsoft SQL Server\150\Tools\Binn\;C:\Program Files\Microsoft SQL Server\Client SDK\ODBC\170\Tools\Binn\;C:\Program Files\dotnet\;C:\Program Files\Git\cmd;C:\Program Files\MySQL\MySQL Server 8.0\bin;C:\php-8.1.6;C:\Program Files\MySQL\MySQL Shell 8.0\bin\;C:\Users\HP\AppData\Local\Programs\Python\Python310\Scripts\;C:\Users\HP\AppData\Local\Programs\Python\Python310\;C:\Users\HP\AppData\Local\Microsoft\WindowsApps;C:\Users\HP\AppData\Local\Programs\Microsoft VS Code\bin;C:\Users\HP\.dotnet\tools;C:\src\flutter\bin;
USERNAME=HP
OS=Windows_NT
PROCESSOR_IDENTIFIER=Intel64 Family 6 Model 166 Stepping 0, GenuineIntel



---------------  S Y S T E M  ---------------

OS: Windows 10 , 64 bit Build 19041 (10.0.19041.1566)
OS uptime: 1 days 22:31 hours

CPU:total 8 (initial active 8) (4 cores per cpu, 2 threads per core) family 6 model 166 stepping 0 microcode 0xe0, cmov, cx8, fxsr, mmx, sse, sse2, sse3, ssse3, sse4.1, sse4.2, popcnt, avx, avx2, aes, clmul, erms, 3dnowpref, lzcnt, ht, tsc, tscinvbit, bmi1, bmi2, adx, fma

Memory: 4k page, system-wide physical 7996M (865M free)
TotalPageFile size 16188M (AvailPageFile size 607M)
current process WorkingSet (physical memory assigned to process): 247M, peak: 260M
current process commit charge ("private bytes"): 320M, peak: 332M

vm_info: OpenJDK 64-Bit Server VM (11.0.11+9-b60-7590822) for windows-amd64 JRE (11.0.11+9-b60-7590822), built on Jul 29 2021 21:43:44 by "builder" with MS VC++ 14.0 (VS2015)

END.
